[1] "Xkr4"
[1] "Before running optim..."
[1] "After running optim..."
[1] 0.1381589
[1] "After running optim..."
[1] 0.1561288
[1] "After running optim..."
[1] 0.1804873
[1] "After running optim..."
[1] 0.3756074
[1] "After running optim..."
[1] 0.4300263
[1] "After running optim..."
[1] 0.4293925
[1] "After running optim..."
[1] 0.4335242
[1] "After running optim..."
[1] 0.4359607
[1] "After running optim..."
[1] 0.4356523
[1] "After running optim..."
[1] 0.435697
[1] "After running optim..."
[1] 0.4357359
[1] "After running optim..."
[1] 0.4356947
[1] "After running optim..."
[1] 0.4354251
[1] "After running optim..."
[1] 0.4349974
[1] "After running optim..."
[1] 0.4349883
[1] "Gm1992"
[1] "Before running optim..."
[1] "After running optim..."
[1] 0.6093861
[1] "After running optim..."
[1] 0.6323093
[1] "After running optim..."
[1] 0.6583164
[1] "After running optim..."
[1] 0.7551918
[1] "After running optim..."
[1] 0.7609586
[1] "After running optim..."
[1] 0.7586937
[1] "After running optim..."
[1] 0.760372
[1] "After running optim..."
[1] 0.7606444
[1] "After running optim..."
[1] 0.7603873
[1] "After running optim..."
[1] 0.7603804
[1] "After running optim..."
[1] 0.7603477
[1] "After running optim..."
[1] 0.7603094
[1] "After running optim..."
[1] 0.760248
[1] "After running optim..."
[1] 0.7602159
[1] "After running optim..."
[1] 0.7602111
[1] "Rp1"
[1] "Before running optim..."
[1] "After running optim..."
[1] 0.8848114
[1] "After running optim..."
[1] 0.8888622
[1] "After running optim..."
[1] 0.8933694
[1] "After running optim..."
[1] 0.9121221
[1] "After running optim..."
[1] 0.9151569
[1] "After running optim..."
[1] 0.9048419
[1] "After running optim..."
[1] 0.9047742
[1] "After running optim..."
[1] 0.9049259
[1] "After running optim..."
[1] 0.9048664
[1] "After running optim..."
[1] 0.9048264
[1] "After running optim..."
[1] 0.9048044
[1] "After running optim..."
[1] 0.9048204
[1] "After running optim..."
[1] 0.9048327
[1] "After running optim..."
[1] 0.9048786
[1] "After running optim..."
[1] 0.904814
[1] "Mrpl15"
[1] "Before running optim..."
[1] "After running optim..."
[1] 0.7180952
[1] "After running optim..."
[1] 0.7327985
[1] "After running optim..."
[1] 0.7487445
[1] "After running optim..."
[1] 0.801347
[1] "After running optim..."
[1] 0.801864
[1] "After running optim..."
[1] 0.8006879
[1] "After running optim..."
[1] 0.8036471
[1] "After running optim..."
[1] 0.8045994
[1] "After running optim..."
[1] 0.8048313
[1] "After running optim..."
[1] 0.8048345
[1] "After running optim..."
[1] 0.8048351
[1] "After running optim..."
[1] 0.8048259
[1] "After running optim..."
[1] 0.8048322
[1] "After running optim..."
[1] 0.8048331
[1] "After running optim..."
[1] 0.804832
[1] "Gm37988"
[1] "Before running optim..."
[1] "After running optim..."
[1] 0.8076843
[1] "After running optim..."
[1] 0.8137631
[1] "After running optim..."
[1] 0.8202866
[1] "After running optim..."
[1] 0.8428205
[1] "After running optim..."
[1] 0.8433139
[1] "After running optim..."
[1] 0.8389612
[1] "After running optim..."
[1] 0.8390531
[1] "After running optim..."
[1] 0.8389689
[1] "After running optim..."
[1] 0.8391596
[1] "After running optim..."
[1] 0.8392167
[1] "After running optim..."
[1] 0.8392733
[1] "After running optim..."
[1] 0.8392798
[1] "After running optim..."
[1] 0.8393076
[1] "After running optim..."
[1] 0.8392592
[1] "After running optim..."
[1] 0.8392699
[1] "Tcea1"
[1] "Before running optim..."
[1] "After running optim..."
[1] 0.7224571
[1] "After running optim..."
[1] 0.7359429
[1] "After running optim..."
[1] 0.7503793
[1] "After running optim..."
[1] 0.793931
[1] "After running optim..."
[1] 0.7898505
[1] "After running optim..."
[1] 0.789317
[1] "After running optim..."
[1] 0.7913023
[1] "After running optim..."
[1] 0.7922669
[1] "After running optim..."
[1] 0.7931688
[1] "After running optim..."
[1] 0.7932141
[1] "After running optim..."
[1] 0.7932681
[1] "After running optim..."
[1] 0.7932858
[1] "After running optim..."
[1] 0.7933088
[1] "After running optim..."
[1] 0.7932984
[1] "After running optim..."
[1] 0.7933202
[1] "Rgs20"
[1] "Before running optim..."
[1] "After running optim..."
[1] 0.5472577
[1] "After running optim..."
[1] 0.5644985
[1] "After running optim..."
[1] 0.5837166
[1] "After running optim..."
[1] 0.6430562
[1] "After running optim..."
[1] 0.6324195
[1] "After running optim..."
[1] 0.6303029
[1] "After running optim..."
[1] 0.6296708
[1] "After running optim..."
[1] 0.6293537
[1] "After running optim..."
[1] 0.6289931
[1] "After running optim..."
[1] 0.6290554
[1] "After running optim..."
[1] 0.6290909
[1] "After running optim..."
[1] 0.6291179
[1] "After running optim..."
[1] 0.6291126
[1] "After running optim..."
[1] 0.6291097
[1] "After running optim..."
[1] 0.6291093
[1] "Atp6v1h"
[1] "Before running optim..."
[1] "After running optim..."
[1] 0.3941615
[1] "After running optim..."
[1] 0.4194153
[1] "After running optim..."
[1] 0.4515192
[1] "After running optim..."
[1] 0.6375547
[1] "After running optim..."
[1] 0.6687594
[1] "After running optim..."
[1] 0.6879849
[1] "After running optim..."
[1] 0.6918426
[1] "After running optim..."
[1] 0.6951057
[1] "After running optim..."
[1] 0.6954959
[1] "After running optim..."
[1] 0.695525
[1] "After running optim..."
[1] 0.6954498
[1] "After running optim..."
[1] 0.6951308
[1] "After running optim..."
[1] 0.6945479
[1] "After running optim..."
[1] 0.6942396
[1] "After running optim..."
[1] 0.6942298
[1] "Oprk1"
[1] "Before running optim..."
[1] "After running optim..."
[1] 0.8480117
[1] "After running optim..."
[1] 0.8537953
[1] "After running optim..."
[1] 0.8605835
[1] "After running optim..."
[1] 0.8972491
[1] "After running optim..."
[1] 0.9129822
[1] "After running optim..."
[1] 0.9177737
[1] "After running optim..."
[1] 0.9174203
[1] "After running optim..."
[1] 0.9174252
[1] "After running optim..."
[1] 0.9175231
[1] "After running optim..."
[1] 0.9174932
[1] "After running optim..."
[1] 0.9174787
[1] "After running optim..."
[1] 0.9174806
[1] "After running optim..."
[1] 0.9174311
[1] "After running optim..."
[1] 0.9174507
[1] "After running optim..."
[1] 0.9174518
[1] "Rb1cc1"
[1] "Before running optim..."
[1] "After running optim..."
[1] 0.3718518
[1] "After running optim..."
[1] 0.3975035
[1] "After running optim..."
[1] 0.4304313
[1] "After running optim..."
[1] 0.6258498
[1] "After running optim..."
[1] 0.6526932
[1] "After running optim..."
[1] 0.6679755
[1] "After running optim..."
[1] 0.6748332
[1] "After running optim..."
[1] 0.6756247
[1] "After running optim..."
[1] 0.67913
[1] "After running optim..."
[1] 0.6792782
[1] "After running optim..."
[1] 0.6799879
[1] "After running optim..."
[1] 0.6800449
[1] "After running optim..."
[1] 0.6803018
[1] "After running optim..."
[1] 0.6802982
[1] "After running optim..."
[1] 0.680298
Time difference of 55.38989 mins
